C:\USERS\USUARIO\DESKTOP\DBC\7 OPENCL EJECUCION S PARALELA\OPENCL\DEBUG\OPENCL_CUDA_PARALELO.PCH
C:\USERS\USUARIO\DESKTOP\DBC\7 OPENCL EJECUCION S PARALELA\OPENCL\DEBUG\STDAFX.OBJ
C:\USERS\USUARIO\DESKTOP\DBC\7 OPENCL EJECUCION S PARALELA\OPENCL\DEBUG\VC110.PDB
C:\USERS\USUARIO\DESKTOP\DBC\7 OPENCL EJECUCION S PARALELA\OPENCL\DEBUG\DBC.OBJ
C:\USERS\USUARIO\DESKTOP\DBC\7 OPENCL EJECUCION S PARALELA\OPENCL\DEBUG\DBCENC.OBJ
C:\USERS\USUARIO\DESKTOP\DBC\7 OPENCL EJECUCION S PARALELA\OPENCL\DEBUG\MAIN.OBJ
C:\USERS\USUARIO\DESKTOP\DBC\7 OPENCL EJECUCION S PARALELA\OPENCL\DEBUG\UTIL.OBJ
C:\USERS\USUARIO\DESKTOP\DBC\7 OPENCL EJECUCION S PARALELA\OPENCL\DEBUG\SHADERGPU.OBJ
C:\USERS\USUARIO\DESKTOP\DBC\7 OPENCL EJECUCION S PARALELA\OPENCL\DEBUG\SHADERCPU.OBJ
C:\USERS\USUARIO\DESKTOP\DBC\7 OPENCL EJECUCION S PARALELA\DEBUG\OPENCL_CUDA_PARALELO.ILK
C:\USERS\USUARIO\DESKTOP\DBC\7 OPENCL EJECUCION S PARALELA\DEBUG\OPENCL_CUDA_PARALELO.EXE
C:\USERS\USUARIO\DESKTOP\DBC\7 OPENCL EJECUCION S PARALELA\DEBUG\OPENCL_CUDA_PARALELO.PDB
C:\Users\usuario\Desktop\DBC\7 OpenCL ejecucion s paralela\OpenCL\Debug\DBC.obj
C:\Users\usuario\Desktop\DBC\7 OpenCL ejecucion s paralela\OpenCL\Debug\DBCenC.obj
C:\Users\usuario\Desktop\DBC\7 OpenCL ejecucion s paralela\OpenCL\Debug\main.obj
C:\Users\usuario\Desktop\DBC\7 OpenCL ejecucion s paralela\OpenCL\Debug\shaderCPU.obj
C:\Users\usuario\Desktop\DBC\7 OpenCL ejecucion s paralela\OpenCL\Debug\shaderGPU.obj
C:\Users\usuario\Desktop\DBC\7 OpenCL ejecucion s paralela\OpenCL\Debug\stdafx.obj
C:\Users\usuario\Desktop\DBC\7 OpenCL ejecucion s paralela\OpenCL\Debug\Util.obj
C:\Users\usuario\Desktop\DBC\7 OpenCL ejecucion s paralela\OpenCL\Debug\cl.command.1.tlog
C:\Users\usuario\Desktop\DBC\7 OpenCL ejecucion s paralela\OpenCL\Debug\CL.read.1.tlog
C:\Users\usuario\Desktop\DBC\7 OpenCL ejecucion s paralela\OpenCL\Debug\CL.write.1.tlog
C:\Users\usuario\Desktop\DBC\7 OpenCL ejecucion s paralela\OpenCL\Debug\link-cvtres.read.1.tlog
C:\Users\usuario\Desktop\DBC\7 OpenCL ejecucion s paralela\OpenCL\Debug\link-cvtres.write.1.tlog
C:\Users\usuario\Desktop\DBC\7 OpenCL ejecucion s paralela\OpenCL\Debug\link-rc.read.1.tlog
C:\Users\usuario\Desktop\DBC\7 OpenCL ejecucion s paralela\OpenCL\Debug\link-rc.write.1.tlog
C:\Users\usuario\Desktop\DBC\7 OpenCL ejecucion s paralela\OpenCL\Debug\link.4040-cvtres.read.1.tlog
C:\Users\usuario\Desktop\DBC\7 OpenCL ejecucion s paralela\OpenCL\Debug\link.4040-cvtres.write.1.tlog
C:\Users\usuario\Desktop\DBC\7 OpenCL ejecucion s paralela\OpenCL\Debug\link.4040-rc.read.1.tlog
C:\Users\usuario\Desktop\DBC\7 OpenCL ejecucion s paralela\OpenCL\Debug\link.4040-rc.write.1.tlog
C:\Users\usuario\Desktop\DBC\7 OpenCL ejecucion s paralela\OpenCL\Debug\link.4040.read.1.tlog
C:\Users\usuario\Desktop\DBC\7 OpenCL ejecucion s paralela\OpenCL\Debug\link.4040.write.1.tlog
C:\Users\usuario\Desktop\DBC\7 OpenCL ejecucion s paralela\OpenCL\Debug\link.6744-cvtres.read.1.tlog
C:\Users\usuario\Desktop\DBC\7 OpenCL ejecucion s paralela\OpenCL\Debug\link.6744-cvtres.write.1.tlog
C:\Users\usuario\Desktop\DBC\7 OpenCL ejecucion s paralela\OpenCL\Debug\link.6744-rc.read.1.tlog
C:\Users\usuario\Desktop\DBC\7 OpenCL ejecucion s paralela\OpenCL\Debug\link.6744-rc.write.1.tlog
C:\Users\usuario\Desktop\DBC\7 OpenCL ejecucion s paralela\OpenCL\Debug\link.6744.read.1.tlog
C:\Users\usuario\Desktop\DBC\7 OpenCL ejecucion s paralela\OpenCL\Debug\link.6744.write.1.tlog
C:\Users\usuario\Desktop\DBC\7 OpenCL ejecucion s paralela\OpenCL\Debug\link.872-cvtres.read.1.tlog
C:\Users\usuario\Desktop\DBC\7 OpenCL ejecucion s paralela\OpenCL\Debug\link.872-cvtres.write.1.tlog
C:\Users\usuario\Desktop\DBC\7 OpenCL ejecucion s paralela\OpenCL\Debug\link.872-rc.read.1.tlog
C:\Users\usuario\Desktop\DBC\7 OpenCL ejecucion s paralela\OpenCL\Debug\link.872-rc.write.1.tlog
C:\Users\usuario\Desktop\DBC\7 OpenCL ejecucion s paralela\OpenCL\Debug\link.872.read.1.tlog
C:\Users\usuario\Desktop\DBC\7 OpenCL ejecucion s paralela\OpenCL\Debug\link.872.write.1.tlog
C:\Users\usuario\Desktop\DBC\7 OpenCL ejecucion s paralela\OpenCL\Debug\link.command.1.tlog
C:\Users\usuario\Desktop\DBC\7 OpenCL ejecucion s paralela\OpenCL\Debug\link.read.1.tlog
C:\Users\usuario\Desktop\DBC\7 OpenCL ejecucion s paralela\OpenCL\Debug\link.write.1.tlog
C:\Users\usuario\Desktop\DBC\7 OpenCL ejecucion s paralela\OpenCL\Debug\OpenCL_cuda_paralelo.pch
C:\Users\usuario\Desktop\DBC\7 OpenCL ejecucion s paralela\OpenCL\Debug\vc110.idb
C:\Users\usuario\Desktop\DBC\7 OpenCL ejecucion s paralela\OpenCL\Debug\vc110.pdb
C:\Users\usuario\Desktop\DBC\7 OpenCL ejecucion s paralela\Debug\OpenCL_cuda_paralelo.pdb
C:\Users\usuario\Desktop\DBC\7 OpenCL ejecucion s paralela\Debug\OpenCL_cuda_paralelo.exe
C:\Users\usuario\Desktop\DBC\7 OpenCL ejecucion s paralela\Debug\OpenCL_cuda_paralelo.ilk
