Compilación iniciada a las 04/07/2017 18:51:19.
     1>Proyecto "C:\Users\usuario\Desktop\DBC\9 OpenCL memoria compartida entrada\OpenCL\OpenCL.vcxproj" en el nodo 2 (Build destinos).
     1>ClCompile:
         C:\Program Files (x86)\Microsoft Visual Studio 11.0\VC\bin\CL.exe /c /I"C:\Program Files (x86)\Intel\OpenCL SDK\6.3\/include" /ZI /nologo /W3 /WX- /sdl- /Od /Oy- /D WIN32 /D _DEBUG /D _CONSOLE /D _UNICODE /D UNICODE /U_CRT_SECURE_NO_WARNINGS /Gm /EHsc /RTC1 /MDd /GS /fp:precise /Zc:wchar_t /Zc:forScope /Yc"stdafx.h" /Fp"Debug\OpenCL_Agrupado.pch" /Fo"Debug\\" /Fd"Debug\vc110.pdb" /Gd /TP /analyze- /errorReport:prompt stdafx.cpp
         stdafx.cpp
         C:\Program Files (x86)\Microsoft Visual Studio 11.0\VC\bin\CL.exe /c /I"C:\Program Files (x86)\Intel\OpenCL SDK\6.3\/include" /ZI /nologo /W3 /WX- /sdl- /Od /Oy- /D WIN32 /D _DEBUG /D _CONSOLE /D _UNICODE /D UNICODE /U_CRT_SECURE_NO_WARNINGS /Gm /EHsc /RTC1 /MDd /GS /fp:precise /Zc:wchar_t /Zc:forScope /Yu"stdafx.h" /Fp"Debug\OpenCL_Agrupado.pch" /Fo"Debug\\" /Fd"Debug\vc110.pdb" /Gd /TP /analyze- /errorReport:prompt DBC.cpp Util.cpp main.cpp shaders\shader.cpp shaders\shaderCPU.cpp shaders\shaderCPU_superficie.cpp shaders\shaderGPU.cpp shaders\shaderGPU2_0_0.cpp shaders\shaderGPU2_0_1.cpp shaders\shaderGPU2_1.cpp shaders\shaderGPU2_2.cpp
         shaderGPU2_2.cpp
     1>c:\users\usuario\desktop\dbc\9 opencl memoria compartida entrada\opencl\shaders\shadergpu2_2.cpp(21): warning C4244: 'inicializando' : conversión de 'double' a 'int'; posible pérdida de datos
         shaderGPU2_1.cpp
     1>c:\users\usuario\desktop\dbc\9 opencl memoria compartida entrada\opencl\shaders\shadergpu2_1.cpp(21): warning C4244: 'inicializando' : conversión de 'double' a 'int'; posible pérdida de datos
         shaderGPU2_0_1.cpp
     1>c:\users\usuario\desktop\dbc\9 opencl memoria compartida entrada\opencl\shaders\shadergpu2_0_1.cpp(21): warning C4244: 'inicializando' : conversión de 'double' a 'int'; posible pérdida de datos
         shaderGPU2_0_0.cpp
     1>c:\users\usuario\desktop\dbc\9 opencl memoria compartida entrada\opencl\shaders\shadergpu2_0_0.cpp(22): warning C4244: 'inicializando' : conversión de 'double' a 'int'; posible pérdida de datos
         shaderGPU.cpp
         shaderCPU_superficie.cpp
     1>c:\users\usuario\desktop\dbc\9 opencl memoria compartida entrada\opencl\shaders\shadercpu_superficie.cpp(32): warning C4244: '=' : conversión de 'int' a 'float'; posible pérdida de datos
     1>c:\users\usuario\desktop\dbc\9 opencl memoria compartida entrada\opencl\shaders\shadercpu_superficie.cpp(101): warning C4244: '=' : conversión de 'int' a 'float'; posible pérdida de datos
         shaderCPU.cpp
         shader.cpp
     1>c:\users\usuario\desktop\dbc\9 opencl memoria compartida entrada\opencl\shaders\shader.cpp(24): warning C4996: 'fopen': This function or variable may be unsafe. Consider using fopen_s instead. To disable deprecation, use _CRT_SECURE_NO_WARNINGS. See online help for details.
                 c:\program files (x86)\microsoft visual studio 11.0\vc\include\stdio.h(218) : vea la declaración de 'fopen'
     1>c:\users\usuario\desktop\dbc\9 opencl memoria compartida entrada\opencl\shaders\shader.cpp(53): warning C4018: '<' : no coinciden signed/unsigned
     1>c:\users\usuario\desktop\dbc\9 opencl memoria compartida entrada\opencl\shaders\shader.cpp(59): warning C4018: '<' : no coinciden signed/unsigned
     1>c:\users\usuario\desktop\dbc\9 opencl memoria compartida entrada\opencl\shaders\shader.cpp(97): warning C4996: 'clCreateCommandQueue': se declaró obsoleto
                 c:\program files (x86)\intel\opencl sdk\6.3\include\cl\cl.h(1428) : vea la declaración de 'clCreateCommandQueue'
         main.cpp
     1>c:\users\usuario\desktop\dbc\9 opencl memoria compartida entrada\opencl\main.cpp(30): warning C4018: '<' : no coinciden signed/unsigned
     1>c:\users\usuario\desktop\dbc\9 opencl memoria compartida entrada\opencl\main.cpp(32): warning C4018: '<' : no coinciden signed/unsigned
         Util.cpp
     1>c:\users\usuario\desktop\dbc\9 opencl memoria compartida entrada\opencl\util.cpp(15): warning C4018: '<' : no coinciden signed/unsigned
     1>c:\users\usuario\desktop\dbc\9 opencl memoria compartida entrada\opencl\util.cpp(17): warning C4018: '<' : no coinciden signed/unsigned
     1>c:\users\usuario\desktop\dbc\9 opencl memoria compartida entrada\opencl\util.cpp(42): error C3861: 'SaveBMP': no se encontró el identificador
     1>c:\users\usuario\desktop\dbc\9 opencl memoria compartida entrada\opencl\util.cpp(56): warning C4018: '<' : no coinciden signed/unsigned
     1>c:\users\usuario\desktop\dbc\9 opencl memoria compartida entrada\opencl\util.cpp(58): warning C4018: '<' : no coinciden signed/unsigned
     1>c:\users\usuario\desktop\dbc\9 opencl memoria compartida entrada\opencl\util.cpp(67): warning C4244: 'inicializando' : conversión de 'double' a 'int'; posible pérdida de datos
     1>c:\users\usuario\desktop\dbc\9 opencl memoria compartida entrada\opencl\util.cpp(72): warning C4244: 'inicializando' : conversión de 'float' a 'int'; posible pérdida de datos
     1>c:\users\usuario\desktop\dbc\9 opencl memoria compartida entrada\opencl\util.cpp(93): error C3861: 'SaveBMP': no se encontró el identificador
         DBC.cpp
     1>c:\users\usuario\desktop\dbc\9 opencl memoria compartida entrada\opencl\dbc.cpp(86): warning C4244: '=' : conversión de 'double' a 'float'; posible pérdida de datos
     1>c:\users\usuario\desktop\dbc\9 opencl memoria compartida entrada\opencl\dbc.cpp(97): warning C4244: '=' : conversión de 'double' a 'float'; posible pérdida de datos
     1>c:\users\usuario\desktop\dbc\9 opencl memoria compartida entrada\opencl\dbc.cpp(107): warning C4244: '=' : conversión de 'double' a 'float'; posible pérdida de datos
     1>c:\users\usuario\desktop\dbc\9 opencl memoria compartida entrada\opencl\dbc.cpp(118): warning C4244: '=' : conversión de 'double' a 'float'; posible pérdida de datos
     1>c:\users\usuario\desktop\dbc\9 opencl memoria compartida entrada\opencl\dbc.cpp(129): warning C4244: '=' : conversión de 'double' a 'float'; posible pérdida de datos
     1>c:\users\usuario\desktop\dbc\9 opencl memoria compartida entrada\opencl\dbc.cpp(140): warning C4244: '=' : conversión de 'double' a 'float'; posible pérdida de datos
     1>c:\users\usuario\desktop\dbc\9 opencl memoria compartida entrada\opencl\dbc.cpp(151): warning C4244: '=' : conversión de 'double' a 'float'; posible pérdida de datos
     1>c:\users\usuario\desktop\dbc\9 opencl memoria compartida entrada\opencl\dbc.cpp(162): warning C4244: '=' : conversión de 'double' a 'float'; posible pérdida de datos
     1>c:\users\usuario\desktop\dbc\9 opencl memoria compartida entrada\opencl\dbc.cpp(175): warning C4244: '=' : conversión de 'double' a 'float'; posible pérdida de datos
         Generando código...
     1>Compilación del proyecto terminada "C:\Users\usuario\Desktop\DBC\9 OpenCL memoria compartida entrada\OpenCL\OpenCL.vcxproj" (Build destinos) -- ERROR.

ERROR al compilar.

Tiempo transcurrido 00:00:00.99
