C:\USERS\USUARIO\DESKTOP\DBC\9 OPENCL MEMORIA COMPARTIDA ENTRADA\OPENCL\DEBUG\OPENCL_AGRUPADO.PCH
C:\USERS\USUARIO\DESKTOP\DBC\9 OPENCL MEMORIA COMPARTIDA ENTRADA\OPENCL\DEBUG\STDAFX.OBJ
C:\USERS\USUARIO\DESKTOP\DBC\9 OPENCL MEMORIA COMPARTIDA ENTRADA\OPENCL\DEBUG\VC110.PDB
C:\USERS\USUARIO\DESKTOP\DBC\9 OPENCL MEMORIA COMPARTIDA ENTRADA\OPENCL\DEBUG\DBC.OBJ
C:\USERS\USUARIO\DESKTOP\DBC\9 OPENCL MEMORIA COMPARTIDA ENTRADA\OPENCL\DEBUG\SHADER.OBJ
C:\USERS\USUARIO\DESKTOP\DBC\9 OPENCL MEMORIA COMPARTIDA ENTRADA\OPENCL\DEBUG\SHADERCPU.OBJ
C:\USERS\USUARIO\DESKTOP\DBC\9 OPENCL MEMORIA COMPARTIDA ENTRADA\OPENCL\DEBUG\MAIN.OBJ
C:\USERS\USUARIO\DESKTOP\DBC\9 OPENCL MEMORIA COMPARTIDA ENTRADA\OPENCL\DEBUG\SHADERCPU_SUPERFICIE.OBJ
C:\USERS\USUARIO\DESKTOP\DBC\9 OPENCL MEMORIA COMPARTIDA ENTRADA\OPENCL\DEBUG\SHADERGPU.OBJ
C:\USERS\USUARIO\DESKTOP\DBC\9 OPENCL MEMORIA COMPARTIDA ENTRADA\OPENCL\DEBUG\SHADERGPU2_0_0.OBJ
C:\USERS\USUARIO\DESKTOP\DBC\9 OPENCL MEMORIA COMPARTIDA ENTRADA\OPENCL\DEBUG\SHADERGPU2_0_1.OBJ
C:\USERS\USUARIO\DESKTOP\DBC\9 OPENCL MEMORIA COMPARTIDA ENTRADA\OPENCL\DEBUG\SHADERGPU2_1.OBJ
C:\USERS\USUARIO\DESKTOP\DBC\9 OPENCL MEMORIA COMPARTIDA ENTRADA\OPENCL\DEBUG\SHADERGPU2_2.OBJ
C:\USERS\USUARIO\DESKTOP\DBC\9 OPENCL MEMORIA COMPARTIDA ENTRADA\OPENCL\DEBUG\UTIL.OBJ
C:\USERS\USUARIO\DESKTOP\DBC\9 OPENCL MEMORIA COMPARTIDA ENTRADA\DEBUG\OPENCL_AGRUPADO.ILK
C:\USERS\USUARIO\DESKTOP\DBC\9 OPENCL MEMORIA COMPARTIDA ENTRADA\DEBUG\OPENCL_AGRUPADO.EXE
C:\USERS\USUARIO\DESKTOP\DBC\9 OPENCL MEMORIA COMPARTIDA ENTRADA\DEBUG\OPENCL_AGRUPADO.PDB
C:\Users\usuario\Desktop\DBC\9 OpenCL memoria compartida entrada\OpenCL\Debug\DBC.obj
C:\Users\usuario\Desktop\DBC\9 OpenCL memoria compartida entrada\OpenCL\Debug\main.obj
C:\Users\usuario\Desktop\DBC\9 OpenCL memoria compartida entrada\OpenCL\Debug\shader.obj
C:\Users\usuario\Desktop\DBC\9 OpenCL memoria compartida entrada\OpenCL\Debug\shaderCPU.obj
C:\Users\usuario\Desktop\DBC\9 OpenCL memoria compartida entrada\OpenCL\Debug\shaderCPU_superficie.obj
C:\Users\usuario\Desktop\DBC\9 OpenCL memoria compartida entrada\OpenCL\Debug\shaderGPU.obj
C:\Users\usuario\Desktop\DBC\9 OpenCL memoria compartida entrada\OpenCL\Debug\shaderGPU2_0_0.obj
C:\Users\usuario\Desktop\DBC\9 OpenCL memoria compartida entrada\OpenCL\Debug\shaderGPU2_0_1.obj
C:\Users\usuario\Desktop\DBC\9 OpenCL memoria compartida entrada\OpenCL\Debug\shaderGPU2_1.obj
C:\Users\usuario\Desktop\DBC\9 OpenCL memoria compartida entrada\OpenCL\Debug\shaderGPU2_2.obj
C:\Users\usuario\Desktop\DBC\9 OpenCL memoria compartida entrada\OpenCL\Debug\stdafx.obj
C:\Users\usuario\Desktop\DBC\9 OpenCL memoria compartida entrada\OpenCL\Debug\Util.obj
C:\Users\usuario\Desktop\DBC\9 OpenCL memoria compartida entrada\OpenCL\Debug\cl.command.1.tlog
C:\Users\usuario\Desktop\DBC\9 OpenCL memoria compartida entrada\OpenCL\Debug\CL.read.1.tlog
C:\Users\usuario\Desktop\DBC\9 OpenCL memoria compartida entrada\OpenCL\Debug\CL.write.1.tlog
C:\Users\usuario\Desktop\DBC\9 OpenCL memoria compartida entrada\OpenCL\Debug\link-cvtres.read.1.tlog
C:\Users\usuario\Desktop\DBC\9 OpenCL memoria compartida entrada\OpenCL\Debug\link-cvtres.write.1.tlog
C:\Users\usuario\Desktop\DBC\9 OpenCL memoria compartida entrada\OpenCL\Debug\link-rc.read.1.tlog
C:\Users\usuario\Desktop\DBC\9 OpenCL memoria compartida entrada\OpenCL\Debug\link-rc.write.1.tlog
C:\Users\usuario\Desktop\DBC\9 OpenCL memoria compartida entrada\OpenCL\Debug\link.command.1.tlog
C:\Users\usuario\Desktop\DBC\9 OpenCL memoria compartida entrada\OpenCL\Debug\link.read.1.tlog
C:\Users\usuario\Desktop\DBC\9 OpenCL memoria compartida entrada\OpenCL\Debug\link.write.1.tlog
C:\Users\usuario\Desktop\DBC\9 OpenCL memoria compartida entrada\OpenCL\Debug\OpenCL_Agrupado.pch
C:\Users\usuario\Desktop\DBC\9 OpenCL memoria compartida entrada\OpenCL\Debug\vc110.idb
C:\Users\usuario\Desktop\DBC\9 OpenCL memoria compartida entrada\OpenCL\Debug\vc110.pdb
C:\Users\usuario\Desktop\DBC\9 OpenCL memoria compartida entrada\Debug\OpenCL_Agrupado.pdb
C:\Users\usuario\Desktop\DBC\9 OpenCL memoria compartida entrada\Debug\OpenCL_Agrupado.exe
C:\Users\usuario\Desktop\DBC\9 OpenCL memoria compartida entrada\Debug\OpenCL_Agrupado.ilk
