Compilación iniciada a las 05/06/2017 16:19:37.
     1>Proyecto "C:\Users\usuario\Desktop\DBC\5 OpenCL y DBC\OpenCL\OpenCL.vcxproj" en el nodo 2 (Build destinos).
     1>ClCompile:
         C:\Program Files (x86)\Microsoft Visual Studio 11.0\VC\bin\CL.exe /c /I"C:\Program Files (x86)\Intel\OpenCL SDK\6.3\/include" /ZI /nologo /W3 /WX- /sdl- /Od /Oy- /D WIN32 /D _DEBUG /D _CONSOLE /D _UNICODE /D UNICODE /U_CRT_SECURE_NO_WARNINGS /Gm /EHsc /RTC1 /MDd /GS /fp:precise /Zc:wchar_t /Zc:forScope /Yc"stdafx.h" /Fp"Debug\OpenCL_intel.pch" /Fo"Debug\\" /Fd"Debug\vc110.pdb" /Gd /TP /analyze- /errorReport:prompt stdafx.cpp
         stdafx.cpp
         C:\Program Files (x86)\Microsoft Visual Studio 11.0\VC\bin\CL.exe /c /I"C:\Program Files (x86)\Intel\OpenCL SDK\6.3\/include" /ZI /nologo /W3 /WX- /sdl- /Od /Oy- /D WIN32 /D _DEBUG /D _CONSOLE /D _UNICODE /D UNICODE /U_CRT_SECURE_NO_WARNINGS /Gm /EHsc /RTC1 /MDd /GS /fp:precise /Zc:wchar_t /Zc:forScope /Yu"stdafx.h" /Fp"Debug\OpenCL_intel.pch" /Fo"Debug\\" /Fd"Debug\vc110.pdb" /Gd /TP /analyze- /errorReport:prompt DBC.cpp main.cpp shader.cpp Util.cpp
         Util.cpp
     1>c:\users\usuario\desktop\dbc\5 opencl y dbc\opencl\util.cpp(17): warning C4996: 'fopen': This function or variable may be unsafe. Consider using fopen_s instead. To disable deprecation, use _CRT_SECURE_NO_WARNINGS. See online help for details.
                 c:\program files (x86)\microsoft visual studio 11.0\vc\include\stdio.h(218) : vea la declaración de 'fopen'
     1>c:\users\usuario\desktop\dbc\5 opencl y dbc\opencl\util.cpp(40): warning C4996: 'fopen': This function or variable may be unsafe. Consider using fopen_s instead. To disable deprecation, use _CRT_SECURE_NO_WARNINGS. See online help for details.
                 c:\program files (x86)\microsoft visual studio 11.0\vc\include\stdio.h(218) : vea la declaración de 'fopen'
     1>c:\users\usuario\desktop\dbc\5 opencl y dbc\opencl\util.cpp(120): warning C4018: '<' : no coinciden signed/unsigned
     1>c:\users\usuario\desktop\dbc\5 opencl y dbc\opencl\util.cpp(122): warning C4018: '<' : no coinciden signed/unsigned
     1>c:\users\usuario\desktop\dbc\5 opencl y dbc\opencl\util.cpp(115): warning C4101: 'color' : variable local sin referencia
     1>c:\users\usuario\desktop\dbc\5 opencl y dbc\opencl\util.cpp(161): warning C4018: '<' : no coinciden signed/unsigned
     1>c:\users\usuario\desktop\dbc\5 opencl y dbc\opencl\util.cpp(163): warning C4018: '<' : no coinciden signed/unsigned
     1>c:\users\usuario\desktop\dbc\5 opencl y dbc\opencl\util.cpp(172): warning C4244: 'inicializando' : conversión de 'double' a 'int'; posible pérdida de datos
     1>c:\users\usuario\desktop\dbc\5 opencl y dbc\opencl\util.cpp(177): warning C4244: 'inicializando' : conversión de 'float' a 'int'; posible pérdida de datos
     1>c:\users\usuario\desktop\dbc\5 opencl y dbc\opencl\util.cpp(215): warning C4996: 'fopen': This function or variable may be unsafe. Consider using fopen_s instead. To disable deprecation, use _CRT_SECURE_NO_WARNINGS. See online help for details.
                 c:\program files (x86)\microsoft visual studio 11.0\vc\include\stdio.h(218) : vea la declaración de 'fopen'
     1>c:\users\usuario\desktop\dbc\5 opencl y dbc\opencl\util.cpp(275): warning C4996: 'fopen': This function or variable may be unsafe. Consider using fopen_s instead. To disable deprecation, use _CRT_SECURE_NO_WARNINGS. See online help for details.
                 c:\program files (x86)\microsoft visual studio 11.0\vc\include\stdio.h(218) : vea la declaración de 'fopen'
         shader.cpp
     1>c:\users\usuario\desktop\dbc\5 opencl y dbc\opencl\shader.cpp(11): warning C4996: 'fopen': This function or variable may be unsafe. Consider using fopen_s instead. To disable deprecation, use _CRT_SECURE_NO_WARNINGS. See online help for details.
                 c:\program files (x86)\microsoft visual studio 11.0\vc\include\stdio.h(218) : vea la declaración de 'fopen'
     1>c:\users\usuario\desktop\dbc\5 opencl y dbc\opencl\shader.cpp(39): warning C4996: 'clCreateCommandQueue': se declaró obsoleto
                 c:\program files (x86)\intel\opencl sdk\6.3\include\cl\cl.h(1428) : vea la declaración de 'clCreateCommandQueue'
     1>c:\users\usuario\desktop\dbc\5 opencl y dbc\opencl\shader.cpp(159): warning C4018: '<' : no coinciden signed/unsigned
     1>c:\users\usuario\desktop\dbc\5 opencl y dbc\opencl\shader.cpp(162): warning C4018: '>' : no coinciden signed/unsigned
         main.cpp
     1>c:\users\usuario\desktop\dbc\5 opencl y dbc\opencl\main.cpp(18): warning C4018: '<' : no coinciden signed/unsigned
     1>c:\users\usuario\desktop\dbc\5 opencl y dbc\opencl\main.cpp(25): warning C4018: '<' : no coinciden signed/unsigned
     1>c:\users\usuario\desktop\dbc\5 opencl y dbc\opencl\main.cpp(27): warning C4018: '<' : no coinciden signed/unsigned
         DBC.cpp
     1>c:\users\usuario\desktop\dbc\5 opencl y dbc\opencl\dbc.cpp(61): warning C4244: '=' : conversión de 'double' a 'float'; posible pérdida de datos
         Generando código...
       Link:
         C:\Program Files (x86)\Microsoft Visual Studio 11.0\VC\bin\link.exe /ERRORREPORT:PROMPT /OUT:"C:\Users\usuario\Desktop\DBC\5 OpenCL y DBC\Debug\OpenCL_intel.exe" /INCREMENTAL /NOLOGO /LIBPATH:"C:\Program Files (x86)\Intel\OpenCL SDK\6.3\/lib/x86" OpenCL.lib kernel32.lib user32.lib gdi32.lib winspool.lib comdlg32.lib advapi32.lib shell32.lib ole32.lib oleaut32.lib uuid.lib odbc32.lib odbccp32.lib kernel32.lib user32.lib gdi32.lib winspool.lib comdlg32.lib advapi32.lib shell32.lib ole32.lib oleaut32.lib uuid.lib odbc32.lib odbccp32.lib /MANIFEST /MANIFESTUAC:"level='asInvoker' uiAccess='false'" /manifest:embed /DEBUG /PDB:"C:\Users\usuario\Desktop\DBC\5 OpenCL y DBC\Debug\OpenCL_intel.pdb" /SUBSYSTEM:CONSOLE /TLBID:1 /DYNAMICBASE /NXCOMPAT /IMPLIB:"C:\Users\usuario\Desktop\DBC\5 OpenCL y DBC\Debug\OpenCL_intel.lib" /MACHINE:X86 Debug\DBC.obj
         Debug\main.obj
         Debug\shader.obj
         Debug\stdafx.obj
         Debug\Util.obj
         OpenCL.vcxproj -> C:\Users\usuario\Desktop\DBC\5 OpenCL y DBC\Debug\OpenCL_intel.exe
     1>Compilación del proyecto terminada "C:\Users\usuario\Desktop\DBC\5 OpenCL y DBC\OpenCL\OpenCL.vcxproj" (Build destinos).

Compilación correcta.

Tiempo transcurrido 00:00:00.83
