Compilación iniciada a las 23/06/2017 17:30:30.
     1>Proyecto "C:\Users\usuario\Desktop\DBC\8 OpenCL los  4 con el mismo resultado\OpenCL\OpenCL.vcxproj" en el nodo 2 (Build destinos).
     1>ClCompile:
         C:\Program Files (x86)\Microsoft Visual Studio 11.0\VC\bin\CL.exe /c /I"C:\Program Files (x86)\Intel\OpenCL SDK\6.3\/include" /ZI /nologo /W3 /WX- /sdl- /Od /Oy- /D WIN32 /D _DEBUG /D _CONSOLE /D _UNICODE /D UNICODE /U_CRT_SECURE_NO_WARNINGS /Gm /EHsc /RTC1 /MDd /GS /fp:precise /Zc:wchar_t /Zc:forScope /Yu"stdafx.h" /Fp"Debug\OpenCL_4_kernels2.0.pch" /Fo"Debug\\" /Fd"Debug\vc110.pdb" /Gd /TP /analyze- /errorReport:prompt shaderGPU2_0.cpp
         shaderGPU2_0.cpp
     1>c:\users\usuario\desktop\dbc\8 opencl los  4 con el mismo resultado\opencl\shadergpu2_0.cpp(22): warning C4244: 'inicializando' : conversión de 'double' a 'int'; posible pérdida de datos
       Link:
         C:\Program Files (x86)\Microsoft Visual Studio 11.0\VC\bin\link.exe /ERRORREPORT:PROMPT /OUT:"C:\Users\usuario\Desktop\DBC\8 OpenCL los  4 con el mismo resultado\Debug\OpenCL_4_kernels2.0.exe" /INCREMENTAL /NOLOGO /LIBPATH:"C:\Program Files (x86)\Intel\OpenCL SDK\6.3\/lib/x86" OpenCL.lib kernel32.lib user32.lib gdi32.lib winspool.lib comdlg32.lib advapi32.lib shell32.lib ole32.lib oleaut32.lib uuid.lib odbc32.lib odbccp32.lib kernel32.lib user32.lib gdi32.lib winspool.lib comdlg32.lib advapi32.lib shell32.lib ole32.lib oleaut32.lib uuid.lib odbc32.lib odbccp32.lib /MANIFEST /MANIFESTUAC:"level='asInvoker' uiAccess='false'" /manifest:embed /DEBUG /PDB:"C:\Users\usuario\Desktop\DBC\8 OpenCL los  4 con el mismo resultado\Debug\OpenCL_4_kernels2.0.pdb" /SUBSYSTEM:CONSOLE /TLBID:1 /DYNAMICBASE /NXCOMPAT /IMPLIB:"C:\Users\usuario\Desktop\DBC\8 OpenCL los  4 con el mismo resultado\Debug\OpenCL_4_kernels2.0.lib" /MACHINE:X86 Debug\DBC.obj
         Debug\shader.obj
         Debug\shaderCPU.obj
         Debug\main.obj
         Debug\shaderCPU_superficie.obj
         Debug\shaderGPU.obj
         Debug\shaderGPU2_0.obj
         Debug\stdafx.obj
         Debug\Util.obj
         OpenCL.vcxproj -> C:\Users\usuario\Desktop\DBC\8 OpenCL los  4 con el mismo resultado\Debug\OpenCL_4_kernels2.0.exe
     1>Compilación del proyecto terminada "C:\Users\usuario\Desktop\DBC\8 OpenCL los  4 con el mismo resultado\OpenCL\OpenCL.vcxproj" (Build destinos).

Compilación correcta.

Tiempo transcurrido 00:00:00.45
