Compilación iniciada a las 17/10/2017 16:56:37.
     1>Proyecto "C:\Users\usuario\Desktop\DBC\9 OpenCL memoria compartida entrada\OpenCL\OpenCL.vcxproj" en el nodo 2 (Rebuild destinos).
     1>ClCompile:
         C:\Program Files (x86)\Microsoft Visual Studio 11.0\VC\bin\CL.exe /c /I"C:\Program Files (x86)\Intel\OpenCL SDK\6.3\/include" /Zi /nologo /W3 /WX- /sdl- /O2 /Oi /Oy- /GL /D WIN32 /D NDEBUG /D _CONSOLE /D _UNICODE /D UNICODE /Gm- /EHsc /MD /GS /Gy /fp:precise /Zc:wchar_t /Zc:forScope /Yc"stdafx.h" /Fp"Release\OpenCL_Agrupado.pch" /Fo"Release\\" /Fd"Release\vc110.pdb" /Gd /TP /analyze- /errorReport:prompt stdafx.cpp
         stdafx.cpp
         C:\Program Files (x86)\Microsoft Visual Studio 11.0\VC\bin\CL.exe /c /I"C:\Program Files (x86)\Intel\OpenCL SDK\6.3\/include" /Zi /nologo /W3 /WX- /sdl- /O2 /Oi /Oy- /GL /D WIN32 /D NDEBUG /D _CONSOLE /D _UNICODE /D UNICODE /Gm- /EHsc /MD /GS /Gy /fp:precise /Zc:wchar_t /Zc:forScope /Yu"stdafx.h" /Fp"Release\OpenCL_Agrupado.pch" /Fo"Release\\" /Fd"Release\vc110.pdb" /Gd /TP /analyze- /errorReport:prompt DBC.cpp shaders\shader.cpp shaders\shaderCPU.cpp main.cpp shaders\shaderCPU_superficie.cpp shaders\shaderGPU.cpp shaders\shaderGPU2_0_0.cpp shaders\shaderGPU2_0_1.cpp shaders\shaderGPU2_1.cpp shaders\shaderGPU2_2.cpp Util.cpp
         DBC.cpp
     1>DBC.cpp(67): warning C4244: '=' : conversión de 'double' a 'float'; posible pérdida de datos
     1>DBC.cpp(79): warning C4244: '=' : conversión de 'double' a 'float'; posible pérdida de datos
     1>DBC.cpp(90): warning C4244: '=' : conversión de 'double' a 'float'; posible pérdida de datos
     1>DBC.cpp(102): warning C4244: '=' : conversión de 'double' a 'float'; posible pérdida de datos
     1>DBC.cpp(114): warning C4244: '=' : conversión de 'double' a 'float'; posible pérdida de datos
     1>DBC.cpp(126): warning C4244: '=' : conversión de 'double' a 'float'; posible pérdida de datos
     1>DBC.cpp(138): warning C4244: '=' : conversión de 'double' a 'float'; posible pérdida de datos
     1>DBC.cpp(150): warning C4244: '=' : conversión de 'double' a 'float'; posible pérdida de datos
     1>DBC.cpp(163): warning C4244: '=' : conversión de 'double' a 'float'; posible pérdida de datos
         shader.cpp
     1>shaders\shader.cpp(24): warning C4996: 'fopen': This function or variable may be unsafe. Consider using fopen_s instead. To disable deprecation, use _CRT_SECURE_NO_WARNINGS. See online help for details.
                 C:\Program Files (x86)\Microsoft Visual Studio 11.0\VC\include\stdio.h(218) : vea la declaración de 'fopen'
     1>shaders\shader.cpp(53): warning C4018: '<' : no coinciden signed/unsigned
     1>shaders\shader.cpp(59): warning C4018: '<' : no coinciden signed/unsigned
     1>shaders\shader.cpp(97): warning C4996: 'clCreateCommandQueue': se declaró obsoleto
                 C:\Program Files (x86)\Intel\OpenCL SDK\6.3\include\CL/cl.h(1428) : vea la declaración de 'clCreateCommandQueue'
         shaderCPU.cpp
         main.cpp
     1>main.cpp(30): warning C4018: '<' : no coinciden signed/unsigned
     1>main.cpp(32): warning C4018: '<' : no coinciden signed/unsigned
         shaderCPU_superficie.cpp
     1>shaders\shaderCPU_superficie.cpp(32): warning C4244: '=' : conversión de 'int' a 'float'; posible pérdida de datos
     1>shaders\shaderCPU_superficie.cpp(101): warning C4244: '=' : conversión de 'int' a 'float'; posible pérdida de datos
         shaderGPU.cpp
         shaderGPU2_0_0.cpp
     1>shaders\shaderGPU2_0_0.cpp(22): warning C4244: 'inicializando' : conversión de 'double' a 'int'; posible pérdida de datos
         shaderGPU2_0_1.cpp
     1>shaders\shaderGPU2_0_1.cpp(21): warning C4244: 'inicializando' : conversión de 'double' a 'int'; posible pérdida de datos
         shaderGPU2_1.cpp
     1>shaders\shaderGPU2_1.cpp(21): warning C4244: 'inicializando' : conversión de 'double' a 'int'; posible pérdida de datos
         shaderGPU2_2.cpp
     1>shaders\shaderGPU2_2.cpp(21): warning C4244: 'inicializando' : conversión de 'double' a 'int'; posible pérdida de datos
         Util.cpp
     1>Util.cpp(15): warning C4018: '<' : no coinciden signed/unsigned
     1>Util.cpp(17): warning C4018: '<' : no coinciden signed/unsigned
     1>Util.cpp(10): warning C4101: 'color' : variable local sin referencia
     1>Util.cpp(56): warning C4018: '<' : no coinciden signed/unsigned
     1>Util.cpp(58): warning C4018: '<' : no coinciden signed/unsigned
     1>Util.cpp(67): warning C4244: 'inicializando' : conversión de 'double' a 'int'; posible pérdida de datos
     1>Util.cpp(72): warning C4244: 'inicializando' : conversión de 'float' a 'int'; posible pérdida de datos
     1>Util.cpp(108): warning C4996: 'fopen': This function or variable may be unsafe. Consider using fopen_s instead. To disable deprecation, use _CRT_SECURE_NO_WARNINGS. See online help for details.
                 C:\Program Files (x86)\Microsoft Visual Studio 11.0\VC\include\stdio.h(218) : vea la declaración de 'fopen'
     1>Util.cpp(168): warning C4996: 'fopen': This function or variable may be unsafe. Consider using fopen_s instead. To disable deprecation, use _CRT_SECURE_NO_WARNINGS. See online help for details.
                 C:\Program Files (x86)\Microsoft Visual Studio 11.0\VC\include\stdio.h(218) : vea la declaración de 'fopen'
       Link:
         C:\Program Files (x86)\Microsoft Visual Studio 11.0\VC\bin\link.exe /ERRORREPORT:PROMPT /OUT:"C:\Users\usuario\Desktop\DBC\9 OpenCL memoria compartida entrada\Release\OpenCL_Agrupado.exe" /INCREMENTAL /NOLOGO /LIBPATH:"C:\Program Files (x86)\Intel\OpenCL SDK\6.3\/lib/x86" OpenCL.lib kernel32.lib user32.lib gdi32.lib winspool.lib comdlg32.lib advapi32.lib shell32.lib ole32.lib oleaut32.lib uuid.lib odbc32.lib odbccp32.lib kernel32.lib user32.lib gdi32.lib winspool.lib comdlg32.lib advapi32.lib shell32.lib ole32.lib oleaut32.lib uuid.lib odbc32.lib odbccp32.lib /MANIFEST /MANIFESTUAC:"level='asInvoker' uiAccess='false'" /manifest:embed /DEBUG /PDB:"C:\Users\usuario\Desktop\DBC\9 OpenCL memoria compartida entrada\Release\OpenCL_Agrupado.pdb" /SUBSYSTEM:CONSOLE /OPT:REF /OPT:ICF /LTCG /TLBID:1 /DYNAMICBASE /NXCOMPAT /IMPLIB:"C:\Users\usuario\Desktop\DBC\9 OpenCL memoria compartida entrada\Release\OpenCL_Agrupado.lib" /MACHINE:X86 /SAFESEH Release\DBC.obj
         Release\shader.obj
         Release\shaderCPU.obj
         Release\main.obj
         Release\shaderCPU_superficie.obj
         Release\shaderGPU.obj
         Release\shaderGPU2_0_0.obj
         Release\shaderGPU2_0_1.obj
         Release\shaderGPU2_1.obj
         Release\shaderGPU2_2.obj
         Release\stdafx.obj
         Release\Util.obj
     1>LINK : warning LNK4075: se omite '/INCREMENTAL' debido a la especificación '/LTCG'
         Generando código
         Generación de código finalizada
         OpenCL.vcxproj -> C:\Users\usuario\Desktop\DBC\9 OpenCL memoria compartida entrada\Release\OpenCL_Agrupado.exe
     1>Compilación del proyecto terminada "C:\Users\usuario\Desktop\DBC\9 OpenCL memoria compartida entrada\OpenCL\OpenCL.vcxproj" (Rebuild destinos).

Compilación correcta.

Tiempo transcurrido 00:00:01.00
