C:\USERS\USUARIO\DESKTOP\DBC\9 OPENCL MEMORIA COMPARTIDA ENTRADA\OPENCL\RELEASE\OPENCL_AGRUPADO.PCH
C:\USERS\USUARIO\DESKTOP\DBC\9 OPENCL MEMORIA COMPARTIDA ENTRADA\OPENCL\RELEASE\STDAFX.OBJ
C:\USERS\USUARIO\DESKTOP\DBC\9 OPENCL MEMORIA COMPARTIDA ENTRADA\OPENCL\RELEASE\VC110.PDB
C:\USERS\USUARIO\DESKTOP\DBC\9 OPENCL MEMORIA COMPARTIDA ENTRADA\OPENCL\RELEASE\UTIL.OBJ
C:\USERS\USUARIO\DESKTOP\DBC\9 OPENCL MEMORIA COMPARTIDA ENTRADA\OPENCL\RELEASE\SHADERGPU2_2.OBJ
C:\USERS\USUARIO\DESKTOP\DBC\9 OPENCL MEMORIA COMPARTIDA ENTRADA\OPENCL\RELEASE\SHADERGPU2_1.OBJ
C:\USERS\USUARIO\DESKTOP\DBC\9 OPENCL MEMORIA COMPARTIDA ENTRADA\OPENCL\RELEASE\SHADERGPU2_0_1.OBJ
C:\USERS\USUARIO\DESKTOP\DBC\9 OPENCL MEMORIA COMPARTIDA ENTRADA\OPENCL\RELEASE\SHADERGPU2_0_0.OBJ
C:\USERS\USUARIO\DESKTOP\DBC\9 OPENCL MEMORIA COMPARTIDA ENTRADA\OPENCL\RELEASE\SHADERGPU.OBJ
C:\USERS\USUARIO\DESKTOP\DBC\9 OPENCL MEMORIA COMPARTIDA ENTRADA\OPENCL\RELEASE\SHADERCPU_SUPERFICIE.OBJ
C:\USERS\USUARIO\DESKTOP\DBC\9 OPENCL MEMORIA COMPARTIDA ENTRADA\OPENCL\RELEASE\MAIN.OBJ
C:\USERS\USUARIO\DESKTOP\DBC\9 OPENCL MEMORIA COMPARTIDA ENTRADA\OPENCL\RELEASE\SHADERCPU.OBJ
C:\USERS\USUARIO\DESKTOP\DBC\9 OPENCL MEMORIA COMPARTIDA ENTRADA\OPENCL\RELEASE\SHADER.OBJ
C:\USERS\USUARIO\DESKTOP\DBC\9 OPENCL MEMORIA COMPARTIDA ENTRADA\OPENCL\RELEASE\DBC.OBJ
C:\USERS\USUARIO\DESKTOP\DBC\9 OPENCL MEMORIA COMPARTIDA ENTRADA\RELEASE\OPENCL_AGRUPADO.EXE
C:\USERS\USUARIO\DESKTOP\DBC\9 OPENCL MEMORIA COMPARTIDA ENTRADA\RELEASE\OPENCL_AGRUPADO.PDB
C:\Users\usuario\Desktop\DBC\9 OpenCL memoria compartida entrada\OpenCL\Release\DBC.obj
C:\Users\usuario\Desktop\DBC\9 OpenCL memoria compartida entrada\OpenCL\Release\main.obj
C:\Users\usuario\Desktop\DBC\9 OpenCL memoria compartida entrada\OpenCL\Release\shader.obj
C:\Users\usuario\Desktop\DBC\9 OpenCL memoria compartida entrada\OpenCL\Release\shaderCPU.obj
C:\Users\usuario\Desktop\DBC\9 OpenCL memoria compartida entrada\OpenCL\Release\shaderCPU_superficie.obj
C:\Users\usuario\Desktop\DBC\9 OpenCL memoria compartida entrada\OpenCL\Release\shaderGPU.obj
C:\Users\usuario\Desktop\DBC\9 OpenCL memoria compartida entrada\OpenCL\Release\shaderGPU2_0_0.obj
C:\Users\usuario\Desktop\DBC\9 OpenCL memoria compartida entrada\OpenCL\Release\shaderGPU2_0_1.obj
C:\Users\usuario\Desktop\DBC\9 OpenCL memoria compartida entrada\OpenCL\Release\shaderGPU2_1.obj
C:\Users\usuario\Desktop\DBC\9 OpenCL memoria compartida entrada\OpenCL\Release\shaderGPU2_2.obj
C:\Users\usuario\Desktop\DBC\9 OpenCL memoria compartida entrada\OpenCL\Release\stdafx.obj
C:\Users\usuario\Desktop\DBC\9 OpenCL memoria compartida entrada\OpenCL\Release\Util.obj
C:\Users\usuario\Desktop\DBC\9 OpenCL memoria compartida entrada\OpenCL\Release\cl.command.1.tlog
C:\Users\usuario\Desktop\DBC\9 OpenCL memoria compartida entrada\OpenCL\Release\CL.read.1.tlog
C:\Users\usuario\Desktop\DBC\9 OpenCL memoria compartida entrada\OpenCL\Release\CL.write.1.tlog
C:\Users\usuario\Desktop\DBC\9 OpenCL memoria compartida entrada\OpenCL\Release\link-cvtres.read.1.tlog
C:\Users\usuario\Desktop\DBC\9 OpenCL memoria compartida entrada\OpenCL\Release\link-cvtres.write.1.tlog
C:\Users\usuario\Desktop\DBC\9 OpenCL memoria compartida entrada\OpenCL\Release\link-rc.read.1.tlog
C:\Users\usuario\Desktop\DBC\9 OpenCL memoria compartida entrada\OpenCL\Release\link-rc.write.1.tlog
C:\Users\usuario\Desktop\DBC\9 OpenCL memoria compartida entrada\OpenCL\Release\link.command.1.tlog
C:\Users\usuario\Desktop\DBC\9 OpenCL memoria compartida entrada\OpenCL\Release\link.read.1.tlog
C:\Users\usuario\Desktop\DBC\9 OpenCL memoria compartida entrada\OpenCL\Release\link.write.1.tlog
C:\Users\usuario\Desktop\DBC\9 OpenCL memoria compartida entrada\OpenCL\Release\OpenCL_Agrupado.pch
C:\Users\usuario\Desktop\DBC\9 OpenCL memoria compartida entrada\OpenCL\Release\vc110.pdb
C:\Users\usuario\Desktop\DBC\9 OpenCL memoria compartida entrada\Release\OpenCL_Agrupado.pdb
C:\Users\usuario\Desktop\DBC\9 OpenCL memoria compartida entrada\Release\OpenCL_Agrupado.exe
